<?xml version="1.0" encoding="UTF-8"?>
<!-- Generated by org.testng.reporters.JUnitReportReporter -->
<testsuite hostname="DESKTOP-HU32N3R" failures="0" tests="1" name="com.mindtree.runner.CartCheckValidation" time="5.116" errors="0" timestamp="2021-11-02T19:08:44 IST" skipped="0">
  <testcase classname="com.mindtree.runner.CartCheckValidation" name="CartCheck" time="5.116"/>
  <system-out/>
</testsuite> <!-- com.mindtree.runner.CartCheckValidation -->
