<?xml version="1.0" encoding="UTF-8"?>
<!-- Generated by org.testng.reporters.JUnitReportReporter -->
<testsuite hostname="DESKTOP-HU32N3R" failures="0" tests="1" name="com.mindtree.runner.HomePageValidation" time="0.617" errors="0" timestamp="2021-10-24T10:51:08 IST" skipped="0">
  <testcase classname="com.mindtree.runner.HomePageValidation" name="Book" time="0.617"/>
  <system-out/>
</testsuite> <!-- com.mindtree.runner.HomePageValidation -->
